<?xml version="1.0" encoding="UTF-8"?>
<!-- Generated by org.testng.reporters.JUnitReportReporter -->
<testsuite hostname="Khosuzs-MBP.lan" failures="0" tests="10" name="com.pageTest.Component_1_Test" time="22.112" errors="0" timestamp="2021-01-11T13:49:39 EST" skipped="0">
  <testcase classname="com.pageTest.Component_1_Test" name="pageTitleTest" time="2.113"/>
  <system-out/>
  <testcase classname="com.pageTest.Component_1_Test" name="clearTheBoxTest" time="1.971"/>
  <system-out/>
  <testcase classname="com.pageTest.Component_1_Test" name="setNewValueTest" time="2.189"/>
  <system-out/>
  <testcase classname="com.pageTest.Component_1_Test" name="setNewValueTest" time="2.263"/>
  <system-out/>
  <testcase classname="com.pageTest.Component_1_Test" name="setNewValueTest" time="2.247"/>
  <system-out/>
  <testcase classname="com.pageTest.Component_1_Test" name="setNewValueTest" time="2.017"/>
  <system-out/>
  <testcase classname="com.pageTest.Component_1_Test" name="displayTitleDataTest" time="2.243"/>
  <system-out/>
  <testcase classname="com.pageTest.Component_1_Test" name="displayTitleDataTest" time="2.420"/>
  <system-out/>
  <testcase classname="com.pageTest.Component_1_Test" name="displayTitleDataTest" time="2.349"/>
  <system-out/>
  <testcase classname="com.pageTest.Component_1_Test" name="displayTitleDataTest" time="2.300"/>
  <system-out/>
</testsuite> <!-- com.pageTest.Component_1_Test -->
