<?xml version="1.0" encoding="UTF-8"?>
<!-- Generated by org.testng.reporters.JUnitReportReporter -->
<testsuite hostname="Khosuzs-MBP.lan" failures="0" tests="5" name="com.pageTest.Component_3_Test" time="10.190" errors="0" timestamp="2021-01-11T13:49:39 EST" skipped="0">
  <testcase classname="com.pageTest.Component_3_Test" name="availableDataTest" time="2.107"/>
  <system-out/>
  <testcase classname="com.pageTest.Component_3_Test" name="totalRowsAndColumnTest" time="1.919"/>
  <system-out/>
  <testcase classname="com.pageTest.Component_3_Test" name="getFirstColumnDataTest" time="2.096"/>
  <system-out/>
  <testcase classname="com.pageTest.Component_3_Test" name="firstRowDataTest" time="2.063"/>
  <system-out/>
  <testcase classname="com.pageTest.Component_3_Test" name="pageTitleTest" time="2.005"/>
  <system-out/>
</testsuite> <!-- com.pageTest.Component_3_Test -->
