<?xml version="1.0" encoding="UTF-8"?>
<!-- Generated by org.testng.reporters.JUnitReportReporter -->
<testsuite hostname="Khosuzs-MBP.lan" failures="0" tests="6" name="com.pageTest.Component_2_Test" time="15.142" errors="0" timestamp="2021-01-10T23:43:50 EST" skipped="0">
  <testcase classname="com.pageTest.Component_2_Test" name="clicToRemoveButtonTest" time="2.975"/>
  <system-out/>
  <testcase classname="com.pageTest.Component_2_Test" name="selectLisItemtInVisiblilityTest" time="2.570"/>
  <system-out/>
  <testcase classname="com.pageTest.Component_2_Test" name="displayItemsTest" time="2.359"/>
  <system-out/>
  <testcase classname="com.pageTest.Component_2_Test" name="selectListVisiblilityTest" time="2.458"/>
  <system-out/>
  <testcase classname="com.pageTest.Component_2_Test" name="pageTitleTest" time="2.497"/>
  <system-out/>
  <testcase classname="com.pageTest.Component_2_Test" name="clickToAddButtonTest" time="2.283"/>
  <system-out/>
</testsuite> <!-- com.pageTest.Component_2_Test -->
