<?xml version="1.0" encoding="UTF-8"?>
<!-- Generated by org.testng.reporters.JUnitReportReporter -->
<testsuite hostname="Khosuzs-MBP.lan" failures="0" tests="5" name="com.pageTest.Component_3_Test" time="9.834" errors="0" timestamp="2021-01-10T23:43:50 EST" skipped="0">
  <testcase classname="com.pageTest.Component_3_Test" name="firstRowDataTest" time="1.994"/>
  <system-out/>
  <testcase classname="com.pageTest.Component_3_Test" name="getFirstColumnDataTest" time="1.953"/>
  <system-out/>
  <testcase classname="com.pageTest.Component_3_Test" name="totalRowsAndColumnTest" time="1.933"/>
  <system-out/>
  <testcase classname="com.pageTest.Component_3_Test" name="availableDataTest" time="1.931"/>
  <system-out/>
  <testcase classname="com.pageTest.Component_3_Test" name="pageTitleTest" time="2.023"/>
  <system-out/>
</testsuite> <!-- com.pageTest.Component_3_Test -->
