<?xml version="1.0" encoding="UTF-8"?>
<!-- Generated by org.testng.reporters.JUnitReportReporter -->
<testsuite hostname="Khosuzs-MBP.lan" failures="0" tests="10" name="com.pageTest.Component_1_Test" time="27.124" errors="0" timestamp="2021-01-10T23:43:50 EST" skipped="0">
  <testcase classname="com.pageTest.Component_1_Test" name="pageTitleTest" time="7.724"/>
  <system-out/>
  <testcase classname="com.pageTest.Component_1_Test" name="clearTheBoxTest" time="1.913"/>
  <system-out/>
  <testcase classname="com.pageTest.Component_1_Test" name="setNewValueTest" time="2.229"/>
  <system-out/>
  <testcase classname="com.pageTest.Component_1_Test" name="setNewValueTest" time="2.047"/>
  <system-out/>
  <testcase classname="com.pageTest.Component_1_Test" name="setNewValueTest" time="2.044"/>
  <system-out/>
  <testcase classname="com.pageTest.Component_1_Test" name="setNewValueTest" time="2.190"/>
  <system-out/>
  <testcase classname="com.pageTest.Component_1_Test" name="displayTitleDataTest" time="2.255"/>
  <system-out/>
  <testcase classname="com.pageTest.Component_1_Test" name="displayTitleDataTest" time="2.235"/>
  <system-out/>
  <testcase classname="com.pageTest.Component_1_Test" name="displayTitleDataTest" time="2.252"/>
  <system-out/>
  <testcase classname="com.pageTest.Component_1_Test" name="displayTitleDataTest" time="2.235"/>
  <system-out/>
</testsuite> <!-- com.pageTest.Component_1_Test -->
